{
  "RSpec": {
    "coverage": {
      "/home/enthusiastic-mouse-1767/tic-tac-toe-rb-online-web-sp-000/lib/tic_tac_toe.rb": [
        null,
        1,
        null,
        null,
        null,
        null,
        null,
        null,
        null,
        null,
        null,
        1,
        5,
        5,
        5,
        5,
        5,
        null,
        null,
        1,
        13,
        null,
        null,
        1,
        3,
        null,
        null,
        1,
        4,
        null,
        null,
        1,
        11,
        null,
        null,
        1,
        12,
        12,
        10,
        10,
        0,
        0,
        0,
        null,
        1,
        null,
        null,
        null,
        1,
        2,
        2,
        18,
        5,
        null,
        null,
        2,
        null,
        null,
        1,
        1,
        1,
        null,
        0,
        null,
        null,
        null,
        1,
        17,
        104,
        104,
        104,
        104,
        104,
        104,
        104,
        5,
        99,
        2,
        null,
        null,
        10,
        null,
        null,
        1,
        22,
        null,
        null,
        1,
        10,
        null,
        null,
        1,
        11,
        null,
        null,
        1,
        3,
        3,
        2,
        2,
        null,
        null,
        null,
        null,
        null,
        1,
        12,
        10,
        null,
        2,
        0,
        2,
        2,
        null,
        null,
        null
      ]
    },
    "timestamp": 1568556158
  }
}
